# JRE version: OpenJDK Runtime Environment Zulu16.32+15-CA (16.0.2+7) (build 16.0.2+7)
# Java VM: OpenJDK 64-Bit Server VM Zulu16.32+15-CA (16.0.2+7, mixed mode, tiered, compressed oops, compressed class ptrs, g1 gc, bsd-aarch64)
GC Precious Log:
 CPUs: 8 total, 8 available
 Memory: 16384M
 Large Page Support: Disabled
 NUMA Support: Disabled
 Compressed Oops: Enabled (Zero based)
 Heap Region Size: 1M
 Heap Min Capacity: 8M
 Heap Initial Capacity: 256M
 Heap Max Capacity: 512M
 Pre-touch: Disabled
 Parallel Workers: 8
 Concurrent Workers: 2
 Concurrent Refinement Workers: 8
 Periodic GC: Disabled
Heap:
 garbage-first heap   total 58368K, used 26438K [0x00000007a0000000, 0x00000007c0000000)
  region size 1024K, 10 young (10240K), 3 survivors (3072K)
 Metaspace       used 41921K, committed 42304K, reserved 1089536K
  class space    used 4792K, committed 4992K, reserved 1048576K
GC Heap History (14 events):
Event: 0.305 GC heap before
{Heap before GC invocations=0 (full 0):
 garbage-first heap   total 262144K, used 26624K [0x00000007a0000000, 0x00000007c0000000)
  region size 1024K, 23 young (23552K), 0 survivors (0K)
 Metaspace       used 14099K, committed 14336K, reserved 1064960K
  class space    used 1432K, committed 1536K, reserved 1048576K
}
Event: 0.309 GC heap after
{Heap after GC invocations=1 (full 0):
 garbage-first heap   total 262144K, used 11867K [0x00000007a0000000, 0x00000007c0000000)
  region size 1024K, 3 young (3072K), 3 survivors (3072K)
 Metaspace       used 14099K, committed 14336K, reserved 1064960K
  class space    used 1432K, committed 1536K, reserved 1048576K
}
Event: 0.501 GC heap before
{Heap before GC invocations=1 (full 0):
 garbage-first heap   total 262144K, used 37467K [0x00000007a0000000, 0x00000007c0000000)
  region size 1024K, 28 young (28672K), 3 survivors (3072K)
 Metaspace       used 19143K, committed 19456K, reserved 1073152K
  class space    used 2129K, committed 2240K, reserved 1048576K
}
Event: 0.504 GC heap after
{Heap after GC invocations=2 (full 0):
 garbage-first heap   total 262144K, used 13516K [0x00000007a0000000, 0x00000007c0000000)
  region size 1024K, 2 young (2048K), 2 survivors (2048K)
 Metaspace       used 19143K, committed 19456K, reserved 1073152K
  class space    used 2129K, committed 2240K, reserved 1048576K
}
Event: 0.560 GC heap before
{Heap before GC invocations=2 (full 0):
 garbage-first heap   total 262144K, used 20684K [0x00000007a0000000, 0x00000007c0000000)
  region size 1024K, 10 young (10240K), 2 survivors (2048K)
 Metaspace       used 20920K, committed 21248K, reserved 1073152K
  class space    used 2348K, committed 2496K, reserved 1048576K
}
Event: 0.562 GC heap after
{Heap after GC invocations=3 (full 0):
 garbage-first heap   total 262144K, used 13669K [0x00000007a0000000, 0x00000007c0000000)
  region size 1024K, 2 young (2048K), 2 survivors (2048K)
 Metaspace       used 20920K, committed 21248K, reserved 1073152K
  class space    used 2348K, committed 2496K, reserved 1048576K
}
Event: 0.810 GC heap before
{Heap before GC invocations=4 (full 0):
 garbage-first heap   total 55296K, used 54629K [0x00000007a0000000, 0x00000007c0000000)
  region size 1024K, 42 young (43008K), 2 survivors (2048K)
 Metaspace       used 29874K, committed 30272K, reserved 1081344K
  class space    used 3332K, committed 3520K, reserved 1048576K
}
Event: 0.812 GC heap after
{Heap after GC invocations=5 (full 0):
 garbage-first heap   total 58368K, used 14764K [0x00000007a0000000, 0x00000007c0000000)
  region size 1024K, 3 young (3072K), 3 survivors (3072K)
 Metaspace       used 29874K, committed 30272K, reserved 1081344K
  class space    used 3332K, committed 3520K, reserved 1048576K
}
Event: 0.984 GC heap before
{Heap before GC invocations=5 (full 0):
 garbage-first heap   total 58368K, used 39340K [0x00000007a0000000, 0x00000007c0000000)
  region size 1024K, 28 young (28672K), 3 survivors (3072K)
 Metaspace       used 34768K, committed 35200K, reserved 1081344K
  class space    used 3942K, committed 4160K, reserved 1048576K
}
Event: 0.987 GC heap after
{Heap after GC invocations=6 (full 0):
 garbage-first heap   total 58368K, used 18273K [0x00000007a0000000, 0x00000007c0000000)
  region size 1024K, 4 young (4096K), 4 survivors (4096K)
 Metaspace       used 34768K, committed 35200K, reserved 1081344K
  class space    used 3942K, committed 4160K, reserved 1048576K
}
Event: 1.017 GC heap before
{Heap before GC invocations=6 (full 0):
 garbage-first heap   total 58368K, used 23393K [0x00000007a0000000, 0x00000007c0000000)
  region size 1024K, 10 young (10240K), 4 survivors (4096K)
 Metaspace       used 35296K, committed 35648K, reserved 1081344K
  class space    used 4021K, committed 4224K, reserved 1048576K
}
Event: 1.019 GC heap after
{Heap after GC invocations=7 (full 0):
 garbage-first heap   total 58368K, used 19676K [0x00000007a0000000, 0x00000007c0000000)
  region size 1024K, 2 young (2048K), 2 survivors (2048K)
 Metaspace       used 35296K, committed 35648K, reserved 1081344K
  class space    used 4021K, committed 4224K, reserved 1048576K
}
Event: 3.374 GC heap before
{Heap before GC invocations=8 (full 0):
 garbage-first heap   total 58368K, used 39132K [0x00000007a0000000, 0x00000007c0000000)
  region size 1024K, 22 young (22528K), 2 survivors (2048K)
 Metaspace       used 39918K, committed 40256K, reserved 1089536K
  class space    used 4575K, committed 4736K, reserved 1048576K
}
Event: 3.377 GC heap after
{Heap after GC invocations=9 (full 0):
 garbage-first heap   total 58368K, used 21318K [0x00000007a0000000, 0x00000007c0000000)
  region size 1024K, 3 young (3072K), 3 survivors (3072K)
 Metaspace       used 39918K, committed 40256K, reserved 1089536K
  class space    used 4575K, committed 4736K, reserved 1048576K
}

