# JRE version: OpenJDK Runtime Environment Zulu16.32+15-CA (16.0.2+7) (build 16.0.2+7)
# Java VM: OpenJDK 64-Bit Server VM Zulu16.32+15-CA (16.0.2+7, mixed mode, tiered, compressed oops, compressed class ptrs, g1 gc, bsd-aarch64)
GC Precious Log:
 CPUs: 8 total, 8 available
 Memory: 16384M
 Large Page Support: Disabled
 NUMA Support: Disabled
 Compressed Oops: Enabled (Zero based)
 Heap Region Size: 1M
 Heap Min Capacity: 8M
 Heap Initial Capacity: 256M
 Heap Max Capacity: 512M
 Pre-touch: Disabled
 Parallel Workers: 8
 Concurrent Workers: 2
 Concurrent Refinement Workers: 8
 Periodic GC: Disabled
Heap:
 garbage-first heap   total 51200K, used 27130K [0x00000007a0000000, 0x00000007c0000000)
  region size 1024K, 10 young (10240K), 2 survivors (2048K)
 Metaspace       used 41756K, committed 42112K, reserved 1089536K
  class space    used 4789K, committed 4928K, reserved 1048576K
GC Heap History (14 events):
Event: 0.332 GC heap before
{Heap before GC invocations=0 (full 0):
 garbage-first heap   total 262144K, used 26624K [0x00000007a0000000, 0x00000007c0000000)
  region size 1024K, 23 young (23552K), 0 survivors (0K)
 Metaspace       used 13672K, committed 13952K, reserved 1064960K
  class space    used 1423K, committed 1536K, reserved 1048576K
}
Event: 0.337 GC heap after
{Heap after GC invocations=1 (full 0):
 garbage-first heap   total 262144K, used 10965K [0x00000007a0000000, 0x00000007c0000000)
  region size 1024K, 3 young (3072K), 3 survivors (3072K)
 Metaspace       used 13672K, committed 13952K, reserved 1064960K
  class space    used 1423K, committed 1536K, reserved 1048576K
}
Event: 0.533 GC heap before
{Heap before GC invocations=1 (full 0):
 garbage-first heap   total 262144K, used 37589K [0x00000007a0000000, 0x00000007c0000000)
  region size 1024K, 29 young (29696K), 3 survivors (3072K)
 Metaspace       used 19309K, committed 19648K, reserved 1073152K
  class space    used 2195K, committed 2368K, reserved 1048576K
}
Event: 0.535 GC heap after
{Heap after GC invocations=2 (full 0):
 garbage-first heap   total 262144K, used 12576K [0x00000007a0000000, 0x00000007c0000000)
  region size 1024K, 2 young (2048K), 2 survivors (2048K)
 Metaspace       used 19309K, committed 19648K, reserved 1073152K
  class space    used 2195K, committed 2368K, reserved 1048576K
}
Event: 0.594 GC heap before
{Heap before GC invocations=2 (full 0):
 garbage-first heap   total 262144K, used 19744K [0x00000007a0000000, 0x00000007c0000000)
  region size 1024K, 10 young (10240K), 2 survivors (2048K)
 Metaspace       used 20962K, committed 21248K, reserved 1073152K
  class space    used 2419K, committed 2560K, reserved 1048576K
}
Event: 0.595 GC heap after
{Heap after GC invocations=3 (full 0):
 garbage-first heap   total 262144K, used 12947K [0x00000007a0000000, 0x00000007c0000000)
  region size 1024K, 2 young (2048K), 2 survivors (2048K)
 Metaspace       used 20962K, committed 21248K, reserved 1073152K
  class space    used 2419K, committed 2560K, reserved 1048576K
}
Event: 3.786 GC heap before
{Heap before GC invocations=4 (full 0):
 garbage-first heap   total 48128K, used 47763K [0x00000007a0000000, 0x00000007c0000000)
  region size 1024K, 36 young (36864K), 2 survivors (2048K)
 Metaspace       used 29417K, committed 29760K, reserved 1081344K
  class space    used 3296K, committed 3456K, reserved 1048576K
}
Event: 3.789 GC heap after
{Heap after GC invocations=5 (full 0):
 garbage-first heap   total 51200K, used 13830K [0x00000007a0000000, 0x00000007c0000000)
  region size 1024K, 3 young (3072K), 3 survivors (3072K)
 Metaspace       used 29417K, committed 29760K, reserved 1081344K
  class space    used 3296K, committed 3456K, reserved 1048576K
}
Event: 3.917 GC heap before
{Heap before GC invocations=5 (full 0):
 garbage-first heap   total 51200K, used 35334K [0x00000007a0000000, 0x00000007c0000000)
  region size 1024K, 24 young (24576K), 3 survivors (3072K)
 Metaspace       used 32994K, committed 33344K, reserved 1081344K
  class space    used 3765K, committed 3968K, reserved 1048576K
}
Event: 3.919 GC heap after
{Heap after GC invocations=6 (full 0):
 garbage-first heap   total 51200K, used 16453K [0x00000007a0000000, 0x00000007c0000000)
  region size 1024K, 3 young (3072K), 3 survivors (3072K)
 Metaspace       used 32994K, committed 33344K, reserved 1081344K
  class space    used 3765K, committed 3968K, reserved 1048576K
}
Event: 4.004 GC heap before
{Heap before GC invocations=6 (full 0):
 garbage-first heap   total 51200K, used 27717K [0x00000007a0000000, 0x00000007c0000000)
  region size 1024K, 16 young (16384K), 3 survivors (3072K)
 Metaspace       used 35120K, committed 35520K, reserved 1081344K
  class space    used 4019K, committed 4224K, reserved 1048576K
}
Event: 4.006 GC heap after
{Heap after GC invocations=7 (full 0):
 garbage-first heap   total 51200K, used 19001K [0x00000007a0000000, 0x00000007c0000000)
  region size 1024K, 3 young (3072K), 3 survivors (3072K)
 Metaspace       used 35120K, committed 35520K, reserved 1081344K
  class space    used 4019K, committed 4224K, reserved 1048576K
}
Event: 5.783 GC heap before
{Heap before GC invocations=8 (full 0):
 garbage-first heap   total 51200K, used 34361K [0x00000007a0000000, 0x00000007c0000000)
  region size 1024K, 19 young (19456K), 3 survivors (3072K)
 Metaspace       used 39426K, committed 39744K, reserved 1089536K
  class space    used 4540K, committed 4672K, reserved 1048576K
}
Event: 5.785 GC heap after
{Heap after GC invocations=9 (full 0):
 garbage-first heap   total 51200K, used 20986K [0x00000007a0000000, 0x00000007c0000000)
  region size 1024K, 2 young (2048K), 2 survivors (2048K)
 Metaspace       used 39426K, committed 39744K, reserved 1089536K
  class space    used 4540K, committed 4672K, reserved 1048576K
}

